<?xml version="1.0" encoding="UTF-8"?>
<testng-results ignored="0" total="1" passed="1" failed="0" skipped="0">
  <reporter-output>
  </reporter-output>
  <suite started-at="2025-05-21T20:58:51 CST" name="Surefire suite" finished-at="2025-05-21T20:58:55 CST" duration-ms="4027">
    <groups>
    </groups>
    <test started-at="2025-05-21T20:58:51 CST" name="Surefire test" finished-at="2025-05-21T20:58:55 CST" duration-ms="4027">
      <class name="com.jgenel.automation.tests.RegisterTest">
        <test-method is-config="true" signature="setUp()[pri:0, instance:com.jgenel.automation.tests.RegisterTest@358c99f5]" started-at="2025-05-21T20:58:51 CST" name="setUp" finished-at="2025-05-21T20:58:54 CST" duration-ms="2796" status="PASS">
          <reporter-output>
          </reporter-output>
        </test-method> <!-- setUp -->
        <test-method signature="testRegistration()[pri:0, instance:com.jgenel.automation.tests.RegisterTest@358c99f5]" started-at="2025-05-21T20:58:54 CST" name="testRegistration" finished-at="2025-05-21T20:58:55 CST" duration-ms="1084" status="PASS">
          <reporter-output>
          </reporter-output>
        </test-method> <!-- testRegistration -->
        <test-method is-config="true" signature="tearDown()[pri:0, instance:com.jgenel.automation.tests.RegisterTest@358c99f5]" started-at="2025-05-21T20:58:55 CST" name="tearDown" finished-at="2025-05-21T20:58:55 CST" duration-ms="125" status="PASS">
          <reporter-output>
          </reporter-output>
        </test-method> <!-- tearDown -->
      </class> <!-- com.jgenel.automation.tests.RegisterTest -->
    </test> <!-- Surefire test -->
  </suite> <!-- Surefire suite -->
</testng-results>
